# JRE version: Java(TM) SE Runtime Environment (8.0_202-b08) (build 1.8.0_202-b08)
# Java VM: Java HotSpot(TM) 64-Bit Server VM (25.202-b08 mixed mode windows-amd64 compressed oops)
Heap:
 PSYoungGen      total 68608K, used 35364K [0x00000000ebc00000, 0x00000000f4700000, 0x0000000100000000)
  eden space 61952K, 46% used [0x00000000ebc00000,0x00000000ed80a360,0x00000000ef880000)
  from space 6656K, 99% used [0x00000000ef880000,0x00000000efefedf0,0x00000000eff00000)
  to   space 9216K, 0% used [0x00000000f3e00000,0x00000000f3e00000,0x00000000f4700000)
 ParOldGen       total 42496K, used 6873K [0x00000000c3400000, 0x00000000c5d80000, 0x00000000ebc00000)
  object space 42496K, 16% used [0x00000000c3400000,0x00000000c3ab6588,0x00000000c5d80000)
 Metaspace       used 19893K, capacity 20780K, committed 20864K, reserved 1067008K
  class space    used 2470K, capacity 2673K, committed 2688K, reserved 1048576K
GC Heap History (10 events):
Event: 1.756 GC heap before
{Heap before GC invocations=3 (full 0):
 PSYoungGen      total 18432K, used 18369K [0x00000000ebc00000, 0x00000000ee000000, 0x0000000100000000)
  eden space 15872K, 99% used [0x00000000ebc00000,0x00000000ecb76c28,0x00000000ecb80000)
  from space 2560K, 99% used [0x00000000ece00000,0x00000000ed079b10,0x00000000ed080000)
  to   space 2560K, 0% used [0x00000000ecb80000,0x00000000ecb80000,0x00000000ece00000)
 ParOldGen       total 42496K, used 514K [0x00000000c3400000, 0x00000000c5d80000, 0x00000000ebc00000)
  object space 42496K, 1% used [0x00000000c3400000,0x00000000c3480980,0x00000000c5d80000)
 Metaspace       used 7689K, capacity 7916K, committed 8192K, reserved 1056768K
  class space    used 887K, capacity 962K, committed 1024K, reserved 1048576K
Event: 1.760 GC heap after
Heap after GC invocations=3 (full 0):
 PSYoungGen      total 18432K, used 1979K [0x00000000ebc00000, 0x00000000ee000000, 0x0000000100000000)
  eden space 15872K, 0% used [0x00000000ebc00000,0x00000000ebc00000,0x00000000ecb80000)
  from space 2560K, 77% used [0x00000000ecb80000,0x00000000ecd6eda0,0x00000000ece00000)
  to   space 2560K, 0% used [0x00000000edd80000,0x00000000edd80000,0x00000000ee000000)
 ParOldGen       total 42496K, used 522K [0x00000000c3400000, 0x00000000c5d80000, 0x00000000ebc00000)
  object space 42496K, 1% used [0x00000000c3400000,0x00000000c3482980,0x00000000c5d80000)
 Metaspace       used 7689K, capacity 7916K, committed 8192K, reserved 1056768K
  class space    used 887K, capacity 962K, committed 1024K, reserved 1048576K
}
Event: 1.780 GC heap before
{Heap before GC invocations=4 (full 0):
 PSYoungGen      total 18432K, used 17851K [0x00000000ebc00000, 0x00000000ee000000, 0x0000000100000000)
  eden space 15872K, 100% used [0x00000000ebc00000,0x00000000ecb80000,0x00000000ecb80000)
  from space 2560K, 77% used [0x00000000ecb80000,0x00000000ecd6eda0,0x00000000ece00000)
  to   space 2560K, 0% used [0x00000000edd80000,0x00000000edd80000,0x00000000ee000000)
 ParOldGen       total 42496K, used 522K [0x00000000c3400000, 0x00000000c5d80000, 0x00000000ebc00000)
  object space 42496K, 1% used [0x00000000c3400000,0x00000000c3482980,0x00000000c5d80000)
 Metaspace       used 7691K, capacity 7916K, committed 8192K, reserved 1056768K
  class space    used 887K, capacity 962K, committed 1024K, reserved 1048576K
Event: 1.784 GC heap after
Heap after GC invocations=4 (full 0):
 PSYoungGen      total 34304K, used 2460K [0x00000000ebc00000, 0x00000000ee000000, 0x0000000100000000)
  eden space 31744K, 0% used [0x00000000ebc00000,0x00000000ebc00000,0x00000000edb00000)
  from space 2560K, 96% used [0x00000000edd80000,0x00000000edfe7310,0x00000000ee000000)
  to   space 2560K, 0% used [0x00000000edb00000,0x00000000edb00000,0x00000000edd80000)
 ParOldGen       total 42496K, used 522K [0x00000000c3400000, 0x00000000c5d80000, 0x00000000ebc00000)
  object space 42496K, 1% used [0x00000000c3400000,0x00000000c3482980,0x00000000c5d80000)
 Metaspace       used 7691K, capacity 7916K, committed 8192K, reserved 1056768K
  class space    used 887K, capacity 962K, committed 1024K, reserved 1048576K
}
Event: 2.957 GC heap before
{Heap before GC invocations=5 (full 0):
 PSYoungGen      total 34304K, used 34204K [0x00000000ebc00000, 0x00000000ee000000, 0x0000000100000000)
  eden space 31744K, 100% used [0x00000000ebc00000,0x00000000edb00000,0x00000000edb00000)
  from space 2560K, 96% used [0x00000000edd80000,0x00000000edfe7310,0x00000000ee000000)
  to   space 2560K, 0% used [0x00000000edb00000,0x00000000edb00000,0x00000000edd80000)
 ParOldGen       total 42496K, used 522K [0x00000000c3400000, 0x00000000c5d80000, 0x00000000ebc00000)
  object space 42496K, 1% used [0x00000000c3400000,0x00000000c3482980,0x00000000c5d80000)
 Metaspace       used 11241K, capacity 11756K, committed 12032K, reserved 1060864K
  class space    used 1366K, capacity 1489K, committed 1536K, reserved 1048576K
Event: 2.967 GC heap after
Heap after GC invocations=5 (full 0):
 PSYoungGen      total 34304K, used 2560K [0x00000000ebc00000, 0x00000000f0400000, 0x0000000100000000)
  eden space 31744K, 0% used [0x00000000ebc00000,0x00000000ebc00000,0x00000000edb00000)
  from space 2560K, 100% used [0x00000000edb00000,0x00000000edd80000,0x00000000edd80000)
  to   space 5120K, 0% used [0x00000000eff00000,0x00000000eff00000,0x00000000f0400000)
 ParOldGen       total 42496K, used 3064K [0x00000000c3400000, 0x00000000c5d80000, 0x00000000ebc00000)
  object space 42496K, 7% used [0x00000000c3400000,0x00000000c36fe190,0x00000000c5d80000)
 Metaspace       used 11241K, capacity 11756K, committed 12032K, reserved 1060864K
  class space    used 1366K, capacity 1489K, committed 1536K, reserved 1048576K
}
Event: 3.728 GC heap before
{Heap before GC invocations=6 (full 0):
 PSYoungGen      total 34304K, used 34304K [0x00000000ebc00000, 0x00000000f0400000, 0x0000000100000000)
  eden space 31744K, 100% used [0x00000000ebc00000,0x00000000edb00000,0x00000000edb00000)
  from space 2560K, 100% used [0x00000000edb00000,0x00000000edd80000,0x00000000edd80000)
  to   space 5120K, 0% used [0x00000000eff00000,0x00000000eff00000,0x00000000f0400000)
 ParOldGen       total 42496K, used 3064K [0x00000000c3400000, 0x00000000c5d80000, 0x00000000ebc00000)
  object space 42496K, 7% used [0x00000000c3400000,0x00000000c36fe190,0x00000000c5d80000)
 Metaspace       used 15093K, capacity 15892K, committed 16256K, reserved 1062912K
  class space    used 1857K, capacity 2049K, committed 2176K, reserved 1048576K
Event: 3.747 GC heap after
Heap after GC invocations=6 (full 0):
 PSYoungGen      total 67072K, used 5100K [0x00000000ebc00000, 0x00000000f0700000, 0x0000000100000000)
  eden space 61952K, 0% used [0x00000000ebc00000,0x00000000ebc00000,0x00000000ef880000)
  from space 5120K, 99% used [0x00000000eff00000,0x00000000f03fb328,0x00000000f0400000)
  to   space 6656K, 0% used [0x00000000ef880000,0x00000000ef880000,0x00000000eff00000)
 ParOldGen       total 42496K, used 4133K [0x00000000c3400000, 0x00000000c5d80000, 0x00000000ebc00000)
  object space 42496K, 9% used [0x00000000c3400000,0x00000000c3809690,0x00000000c5d80000)
 Metaspace       used 15093K, capacity 15892K, committed 16256K, reserved 1062912K
  class space    used 1857K, capacity 2049K, committed 2176K, reserved 1048576K
}
Event: 5.444 GC heap before
{Heap before GC invocations=7 (full 0):
 PSYoungGen      total 67072K, used 67052K [0x00000000ebc00000, 0x00000000f0700000, 0x0000000100000000)
  eden space 61952K, 100% used [0x00000000ebc00000,0x00000000ef880000,0x00000000ef880000)
  from space 5120K, 99% used [0x00000000eff00000,0x00000000f03fb328,0x00000000f0400000)
  to   space 6656K, 0% used [0x00000000ef880000,0x00000000ef880000,0x00000000eff00000)
 ParOldGen       total 42496K, used 4133K [0x00000000c3400000, 0x00000000c5d80000, 0x00000000ebc00000)
  object space 42496K, 9% used [0x00000000c3400000,0x00000000c3809690,0x00000000c5d80000)
 Metaspace       used 19751K, capacity 20652K, committed 20864K, reserved 1067008K
  class space    used 2464K, capacity 2673K, committed 2688K, reserved 1048576K
Event: 5.473 GC heap after
Heap after GC invocations=7 (full 0):
 PSYoungGen      total 68608K, used 6651K [0x00000000ebc00000, 0x00000000f4700000, 0x0000000100000000)
  eden space 61952K, 0% used [0x00000000ebc00000,0x00000000ebc00000,0x00000000ef880000)
  from space 6656K, 99% used [0x00000000ef880000,0x00000000efefedf0,0x00000000eff00000)
  to   space 9216K, 0% used [0x00000000f3e00000,0x00000000f3e00000,0x00000000f4700000)
 ParOldGen       total 42496K, used 6873K [0x00000000c3400000, 0x00000000c5d80000, 0x00000000ebc00000)
  object space 42496K, 16% used [0x00000000c3400000,0x00000000c3ab6588,0x00000000c5d80000)
 Metaspace       used 19751K, capacity 20652K, committed 20864K, reserved 1067008K
  class space    used 2464K, capacity 2673K, committed 2688K, reserved 1048576K
}

