# JRE version: Java(TM) SE Runtime Environment (8.0_202-b08) (build 1.8.0_202-b08)
# Java VM: Java HotSpot(TM) 64-Bit Server VM (25.202-b08 mixed mode windows-amd64 compressed oops)
Heap:
 PSYoungGen      total 66048K, used 34310K [0x00000000ebc00000, 0x00000000eff00000, 0x0000000100000000)
  eden space 63488K, 50% used [0x00000000ebc00000,0x00000000edb03250,0x00000000efa00000)
  from space 2560K, 99% used [0x00000000efc80000,0x00000000efefe668,0x00000000eff00000)
  to   space 2560K, 0% used [0x00000000efa00000,0x00000000efa00000,0x00000000efc80000)
 ParOldGen       total 37376K, used 15749K [0x00000000c3400000, 0x00000000c5880000, 0x00000000ebc00000)
  object space 37376K, 42% used [0x00000000c3400000,0x00000000c43615b0,0x00000000c5880000)
 Metaspace       used 25044K, capacity 26516K, committed 26624K, reserved 1073152K
  class space    used 3188K, capacity 3502K, committed 3584K, reserved 1048576K
GC Heap History (10 events):
Event: 4.239 GC heap before
{Heap before GC invocations=5 (full 0):
 PSYoungGen      total 66048K, used 66036K [0x00000000ebc00000, 0x00000000eff00000, 0x0000000100000000)
  eden space 63488K, 100% used [0x00000000ebc00000,0x00000000efa00000,0x00000000efa00000)
  from space 2560K, 99% used [0x00000000efc80000,0x00000000efefd168,0x00000000eff00000)
  to   space 2560K, 0% used [0x00000000efa00000,0x00000000efa00000,0x00000000efc80000)
 ParOldGen       total 42496K, used 3071K [0x00000000c3400000, 0x00000000c5d80000, 0x00000000ebc00000)
  object space 42496K, 7% used [0x00000000c3400000,0x00000000c36fffd0,0x00000000c5d80000)
 Metaspace       used 18608K, capacity 19440K, committed 19712K, reserved 1067008K
  class space    used 2309K, capacity 2499K, committed 2560K, reserved 1048576K
Event: 4.264 GC heap after
Heap after GC invocations=5 (full 0):
 PSYoungGen      total 66048K, used 2553K [0x00000000ebc00000, 0x00000000eff00000, 0x0000000100000000)
  eden space 63488K, 0% used [0x00000000ebc00000,0x00000000ebc00000,0x00000000efa00000)
  from space 2560K, 99% used [0x00000000efa00000,0x00000000efc7e7a0,0x00000000efc80000)
  to   space 2560K, 0% used [0x00000000efc80000,0x00000000efc80000,0x00000000eff00000)
 ParOldGen       total 42496K, used 10262K [0x00000000c3400000, 0x00000000c5d80000, 0x00000000ebc00000)
  object space 42496K, 24% used [0x00000000c3400000,0x00000000c3e05a98,0x00000000c5d80000)
 Metaspace       used 18608K, capacity 19440K, committed 19712K, reserved 1067008K
  class space    used 2309K, capacity 2499K, committed 2560K, reserved 1048576K
}
Event: 4.978 GC heap before
{Heap before GC invocations=6 (full 0):
 PSYoungGen      total 66048K, used 66041K [0x00000000ebc00000, 0x00000000eff00000, 0x0000000100000000)
  eden space 63488K, 100% used [0x00000000ebc00000,0x00000000efa00000,0x00000000efa00000)
  from space 2560K, 99% used [0x00000000efa00000,0x00000000efc7e7a0,0x00000000efc80000)
  to   space 2560K, 0% used [0x00000000efc80000,0x00000000efc80000,0x00000000eff00000)
 ParOldGen       total 42496K, used 10262K [0x00000000c3400000, 0x00000000c5d80000, 0x00000000ebc00000)
  object space 42496K, 24% used [0x00000000c3400000,0x00000000c3e05a98,0x00000000c5d80000)
 Metaspace       used 20128K, capacity 21000K, committed 21248K, reserved 1067008K
  class space    used 2498K, capacity 2705K, committed 2816K, reserved 1048576K
Event: 4.996 GC heap after
Heap after GC invocations=6 (full 0):
 PSYoungGen      total 66048K, used 2532K [0x00000000ebc00000, 0x00000000eff00000, 0x0000000100000000)
  eden space 63488K, 0% used [0x00000000ebc00000,0x00000000ebc00000,0x00000000efa00000)
  from space 2560K, 98% used [0x00000000efc80000,0x00000000efef9178,0x00000000eff00000)
  to   space 2560K, 0% used [0x00000000efa00000,0x00000000efa00000,0x00000000efc80000)
 ParOldGen       total 42496K, used 13112K [0x00000000c3400000, 0x00000000c5d80000, 0x00000000ebc00000)
  object space 42496K, 30% used [0x00000000c3400000,0x00000000c40ce178,0x00000000c5d80000)
 Metaspace       used 20128K, capacity 21000K, committed 21248K, reserved 1067008K
  class space    used 2498K, capacity 2705K, committed 2816K, reserved 1048576K
}
Event: 5.044 GC heap before
{Heap before GC invocations=7 (full 0):
 PSYoungGen      total 66048K, used 5336K [0x00000000ebc00000, 0x00000000eff00000, 0x0000000100000000)
  eden space 63488K, 4% used [0x00000000ebc00000,0x00000000ebebcf20,0x00000000efa00000)
  from space 2560K, 98% used [0x00000000efc80000,0x00000000efef9178,0x00000000eff00000)
  to   space 2560K, 0% used [0x00000000efa00000,0x00000000efa00000,0x00000000efc80000)
 ParOldGen       total 42496K, used 13112K [0x00000000c3400000, 0x00000000c5d80000, 0x00000000ebc00000)
  object space 42496K, 30% used [0x00000000c3400000,0x00000000c40ce178,0x00000000c5d80000)
 Metaspace       used 20249K, capacity 21144K, committed 21248K, reserved 1067008K
  class space    used 2518K, capacity 2713K, committed 2816K, reserved 1048576K
Event: 5.057 GC heap after
Heap after GC invocations=7 (full 0):
 PSYoungGen      total 66048K, used 2535K [0x00000000ebc00000, 0x00000000eff00000, 0x0000000100000000)
  eden space 63488K, 0% used [0x00000000ebc00000,0x00000000ebc00000,0x00000000efa00000)
  from space 2560K, 99% used [0x00000000efa00000,0x00000000efc79e28,0x00000000efc80000)
  to   space 2560K, 0% used [0x00000000efc80000,0x00000000efc80000,0x00000000eff00000)
 ParOldGen       total 42496K, used 13700K [0x00000000c3400000, 0x00000000c5d80000, 0x00000000ebc00000)
  object space 42496K, 32% used [0x00000000c3400000,0x00000000c4161278,0x00000000c5d80000)
 Metaspace       used 20249K, capacity 21144K, committed 21248K, reserved 1067008K
  class space    used 2518K, capacity 2713K, committed 2816K, reserved 1048576K
}
Event: 5.057 GC heap before
{Heap before GC invocations=8 (full 1):
 PSYoungGen      total 66048K, used 2535K [0x00000000ebc00000, 0x00000000eff00000, 0x0000000100000000)
  eden space 63488K, 0% used [0x00000000ebc00000,0x00000000ebc00000,0x00000000efa00000)
  from space 2560K, 99% used [0x00000000efa00000,0x00000000efc79e28,0x00000000efc80000)
  to   space 2560K, 0% used [0x00000000efc80000,0x00000000efc80000,0x00000000eff00000)
 ParOldGen       total 42496K, used 13700K [0x00000000c3400000, 0x00000000c5d80000, 0x00000000ebc00000)
  object space 42496K, 32% used [0x00000000c3400000,0x00000000c4161278,0x00000000c5d80000)
 Metaspace       used 20249K, capacity 21144K, committed 21248K, reserved 1067008K
  class space    used 2518K, capacity 2713K, committed 2816K, reserved 1048576K
Event: 5.121 GC heap after
Heap after GC invocations=8 (full 1):
 PSYoungGen      total 66048K, used 0K [0x00000000ebc00000, 0x00000000eff00000, 0x0000000100000000)
  eden space 63488K, 0% used [0x00000000ebc00000,0x00000000ebc00000,0x00000000efa00000)
  from space 2560K, 0% used [0x00000000efa00000,0x00000000efa00000,0x00000000efc80000)
  to   space 2560K, 0% used [0x00000000efc80000,0x00000000efc80000,0x00000000eff00000)
 ParOldGen       total 37376K, used 12920K [0x00000000c3400000, 0x00000000c5880000, 0x00000000ebc00000)
  object space 37376K, 34% used [0x00000000c3400000,0x00000000c409e0c0,0x00000000c5880000)
 Metaspace       used 20249K, capacity 21144K, committed 21248K, reserved 1067008K
  class space    used 2518K, capacity 2713K, committed 2816K, reserved 1048576K
}
Event: 6.745 GC heap before
{Heap before GC invocations=9 (full 1):
 PSYoungGen      total 66048K, used 63488K [0x00000000ebc00000, 0x00000000eff00000, 0x0000000100000000)
  eden space 63488K, 100% used [0x00000000ebc00000,0x00000000efa00000,0x00000000efa00000)
  from space 2560K, 0% used [0x00000000efa00000,0x00000000efa00000,0x00000000efc80000)
  to   space 2560K, 0% used [0x00000000efc80000,0x00000000efc80000,0x00000000eff00000)
 ParOldGen       total 37376K, used 12920K [0x00000000c3400000, 0x00000000c5880000, 0x00000000ebc00000)
  object space 37376K, 34% used [0x00000000c3400000,0x00000000c409e0c0,0x00000000c5880000)
 Metaspace       used 22968K, capacity 24316K, committed 24448K, reserved 1071104K
  class space    used 2891K, capacity 3168K, committed 3200K, reserved 1048576K
Event: 6.754 GC heap after
Heap after GC invocations=9 (full 1):
 PSYoungGen      total 66048K, used 2553K [0x00000000ebc00000, 0x00000000eff00000, 0x0000000100000000)
  eden space 63488K, 0% used [0x00000000ebc00000,0x00000000ebc00000,0x00000000efa00000)
  from space 2560K, 99% used [0x00000000efc80000,0x00000000efefe668,0x00000000eff00000)
  to   space 2560K, 0% used [0x00000000efa00000,0x00000000efa00000,0x00000000efc80000)
 ParOldGen       total 37376K, used 15749K [0x00000000c3400000, 0x00000000c5880000, 0x00000000ebc00000)
  object space 37376K, 42% used [0x00000000c3400000,0x00000000c43615b0,0x00000000c5880000)
 Metaspace       used 22968K, capacity 24316K, committed 24448K, reserved 1071104K
  class space    used 2891K, capacity 3168K, committed 3200K, reserved 1048576K
}

