# JRE version: Java(TM) SE Runtime Environment (8.0_202-b08) (build 1.8.0_202-b08)
# Java VM: Java HotSpot(TM) 64-Bit Server VM (25.202-b08 mixed mode windows-amd64 compressed oops)
Heap:
 PSYoungGen      total 34304K, used 22013K [0x00000000ebc00000, 0x00000000ef880000, 0x0000000100000000)
  eden space 31744K, 61% used [0x00000000ebc00000,0x00000000ecf02cc0,0x00000000edb00000)
  from space 2560K, 99% used [0x00000000edb00000,0x00000000edd7c7c0,0x00000000edd80000)
  to   space 7168K, 0% used [0x00000000ef180000,0x00000000ef180000,0x00000000ef880000)
 ParOldGen       total 28672K, used 6672K [0x00000000c3400000, 0x00000000c5000000, 0x00000000ebc00000)
  object space 28672K, 23% used [0x00000000c3400000,0x00000000c3a84370,0x00000000c5000000)
 Metaspace       used 22245K, capacity 23446K, committed 23552K, reserved 1069056K
  class space    used 2789K, capacity 3051K, committed 3072K, reserved 1048576K
GC Heap History (10 events):
Event: 4.505 GC heap before
{Heap before GC invocations=8 (full 0):
 PSYoungGen      total 34304K, used 34268K [0x00000000ebc00000, 0x00000000ee000000, 0x0000000100000000)
  eden space 31744K, 99% used [0x00000000ebc00000,0x00000000edaf9d00,0x00000000edb00000)
  from space 2560K, 99% used [0x00000000edb00000,0x00000000edd7d310,0x00000000edd80000)
  to   space 2560K, 0% used [0x00000000edd80000,0x00000000edd80000,0x00000000ee000000)
 ParOldGen       total 42496K, used 10370K [0x00000000c3400000, 0x00000000c5d80000, 0x00000000ebc00000)
  object space 42496K, 24% used [0x00000000c3400000,0x00000000c3e20888,0x00000000c5d80000)
 Metaspace       used 19744K, capacity 20652K, committed 20864K, reserved 1067008K
  class space    used 2459K, capacity 2673K, committed 2688K, reserved 1048576K
Event: 4.517 GC heap after
Heap after GC invocations=8 (full 0):
 PSYoungGen      total 34304K, used 2544K [0x00000000ebc00000, 0x00000000ee000000, 0x0000000100000000)
  eden space 31744K, 0% used [0x00000000ebc00000,0x00000000ebc00000,0x00000000edb00000)
  from space 2560K, 99% used [0x00000000edd80000,0x00000000edffc010,0x00000000ee000000)
  to   space 2560K, 0% used [0x00000000edb00000,0x00000000edb00000,0x00000000edd80000)
 ParOldGen       total 42496K, used 11853K [0x00000000c3400000, 0x00000000c5d80000, 0x00000000ebc00000)
  object space 42496K, 27% used [0x00000000c3400000,0x00000000c3f936e8,0x00000000c5d80000)
 Metaspace       used 19744K, capacity 20652K, committed 20864K, reserved 1067008K
  class space    used 2459K, capacity 2673K, committed 2688K, reserved 1048576K
}
Event: 4.604 GC heap before
{Heap before GC invocations=9 (full 0):
 PSYoungGen      total 34304K, used 34288K [0x00000000ebc00000, 0x00000000ee000000, 0x0000000100000000)
  eden space 31744K, 100% used [0x00000000ebc00000,0x00000000edb00000,0x00000000edb00000)
  from space 2560K, 99% used [0x00000000edd80000,0x00000000edffc010,0x00000000ee000000)
  to   space 2560K, 0% used [0x00000000edb00000,0x00000000edb00000,0x00000000edd80000)
 ParOldGen       total 42496K, used 11853K [0x00000000c3400000, 0x00000000c5d80000, 0x00000000ebc00000)
  object space 42496K, 27% used [0x00000000c3400000,0x00000000c3f936e8,0x00000000c5d80000)
 Metaspace       used 20167K, capacity 21068K, committed 21248K, reserved 1067008K
  class space    used 2499K, capacity 2705K, committed 2816K, reserved 1048576K
Event: 4.616 GC heap after
Heap after GC invocations=9 (full 0):
 PSYoungGen      total 34304K, used 2126K [0x00000000ebc00000, 0x00000000ee000000, 0x0000000100000000)
  eden space 31744K, 0% used [0x00000000ebc00000,0x00000000ebc00000,0x00000000edb00000)
  from space 2560K, 83% used [0x00000000edb00000,0x00000000edd13a90,0x00000000edd80000)
  to   space 2560K, 0% used [0x00000000edd80000,0x00000000edd80000,0x00000000ee000000)
 ParOldGen       total 42496K, used 12969K [0x00000000c3400000, 0x00000000c5d80000, 0x00000000ebc00000)
  object space 42496K, 30% used [0x00000000c3400000,0x00000000c40aa510,0x00000000c5d80000)
 Metaspace       used 20167K, capacity 21068K, committed 21248K, reserved 1067008K
  class space    used 2499K, capacity 2705K, committed 2816K, reserved 1048576K
}
Event: 4.639 GC heap before
{Heap before GC invocations=10 (full 0):
 PSYoungGen      total 34304K, used 3595K [0x00000000ebc00000, 0x00000000ee000000, 0x0000000100000000)
  eden space 31744K, 4% used [0x00000000ebc00000,0x00000000ebd6f430,0x00000000edb00000)
  from space 2560K, 83% used [0x00000000edb00000,0x00000000edd13a90,0x00000000edd80000)
  to   space 2560K, 0% used [0x00000000edd80000,0x00000000edd80000,0x00000000ee000000)
 ParOldGen       total 42496K, used 12969K [0x00000000c3400000, 0x00000000c5d80000, 0x00000000ebc00000)
  object space 42496K, 30% used [0x00000000c3400000,0x00000000c40aa510,0x00000000c5d80000)
 Metaspace       used 20235K, capacity 21142K, committed 21248K, reserved 1067008K
  class space    used 2514K, capacity 2710K, committed 2816K, reserved 1048576K
Event: 4.645 GC heap after
Heap after GC invocations=10 (full 0):
 PSYoungGen      total 34304K, used 390K [0x00000000ebc00000, 0x00000000ee000000, 0x0000000100000000)
  eden space 31744K, 0% used [0x00000000ebc00000,0x00000000ebc00000,0x00000000edb00000)
  from space 2560K, 15% used [0x00000000edd80000,0x00000000edde1af8,0x00000000ee000000)
  to   space 2560K, 0% used [0x00000000edb00000,0x00000000edb00000,0x00000000edd80000)
 ParOldGen       total 42496K, used 14417K [0x00000000c3400000, 0x00000000c5d80000, 0x00000000ebc00000)
  object space 42496K, 33% used [0x00000000c3400000,0x00000000c4214540,0x00000000c5d80000)
 Metaspace       used 20235K, capacity 21142K, committed 21248K, reserved 1067008K
  class space    used 2514K, capacity 2710K, committed 2816K, reserved 1048576K
}
Event: 4.645 GC heap before
{Heap before GC invocations=11 (full 1):
 PSYoungGen      total 34304K, used 390K [0x00000000ebc00000, 0x00000000ee000000, 0x0000000100000000)
  eden space 31744K, 0% used [0x00000000ebc00000,0x00000000ebc00000,0x00000000edb00000)
  from space 2560K, 15% used [0x00000000edd80000,0x00000000edde1af8,0x00000000ee000000)
  to   space 2560K, 0% used [0x00000000edb00000,0x00000000edb00000,0x00000000edd80000)
 ParOldGen       total 42496K, used 14417K [0x00000000c3400000, 0x00000000c5d80000, 0x00000000ebc00000)
  object space 42496K, 33% used [0x00000000c3400000,0x00000000c4214540,0x00000000c5d80000)
 Metaspace       used 20235K, capacity 21142K, committed 21248K, reserved 1067008K
  class space    used 2514K, capacity 2710K, committed 2816K, reserved 1048576K
Event: 4.732 GC heap after
Heap after GC invocations=11 (full 1):
 PSYoungGen      total 34304K, used 0K [0x00000000ebc00000, 0x00000000ee000000, 0x0000000100000000)
  eden space 31744K, 0% used [0x00000000ebc00000,0x00000000ebc00000,0x00000000edb00000)
  from space 2560K, 0% used [0x00000000edd80000,0x00000000edd80000,0x00000000ee000000)
  to   space 2560K, 0% used [0x00000000edb00000,0x00000000edb00000,0x00000000edd80000)
 ParOldGen       total 28672K, used 6487K [0x00000000c3400000, 0x00000000c5000000, 0x00000000ebc00000)
  object space 28672K, 22% used [0x00000000c3400000,0x00000000c3a55e60,0x00000000c5000000)
 Metaspace       used 20235K, capacity 21142K, committed 21248K, reserved 1067008K
  class space    used 2514K, capacity 2710K, committed 2816K, reserved 1048576K
}
Event: 5.860 GC heap before
{Heap before GC invocations=12 (full 1):
 PSYoungGen      total 34304K, used 31744K [0x00000000ebc00000, 0x00000000ee000000, 0x0000000100000000)
  eden space 31744K, 100% used [0x00000000ebc00000,0x00000000edb00000,0x00000000edb00000)
  from space 2560K, 0% used [0x00000000edd80000,0x00000000edd80000,0x00000000ee000000)
  to   space 2560K, 0% used [0x00000000edb00000,0x00000000edb00000,0x00000000edd80000)
 ParOldGen       total 28672K, used 6487K [0x00000000c3400000, 0x00000000c5000000, 0x00000000ebc00000)
  object space 28672K, 22% used [0x00000000c3400000,0x00000000c3a55e60,0x00000000c5000000)
 Metaspace       used 21162K, capacity 22276K, committed 22400K, reserved 1069056K
  class space    used 2642K, capacity 2896K, committed 2944K, reserved 1048576K
Event: 5.865 GC heap after
Heap after GC invocations=12 (full 1):
 PSYoungGen      total 34304K, used 2545K [0x00000000ebc00000, 0x00000000ef880000, 0x0000000100000000)
  eden space 31744K, 0% used [0x00000000ebc00000,0x00000000ebc00000,0x00000000edb00000)
  from space 2560K, 99% used [0x00000000edb00000,0x00000000edd7c7c0,0x00000000edd80000)
  to   space 7168K, 0% used [0x00000000ef180000,0x00000000ef180000,0x00000000ef880000)
 ParOldGen       total 28672K, used 6672K [0x00000000c3400000, 0x00000000c5000000, 0x00000000ebc00000)
  object space 28672K, 23% used [0x00000000c3400000,0x00000000c3a84370,0x00000000c5000000)
 Metaspace       used 21162K, capacity 22276K, committed 22400K, reserved 1069056K
  class space    used 2642K, capacity 2896K, committed 2944K, reserved 1048576K
}

